<?xml version="1.0" encoding="UTF-8"?>
<!-- Generated by org.testng.reporters.JUnitXMLReporter -->
<testsuite ignored="2" hostname="HarshvadhansMBP" failures="0" tests="2" name="OragneHRMTestLogin" time="19.532" errors="0" timestamp="2023-11-24T00:02:53 EST">
  <testcase classname="com.test.OrangeHRMDemo" name="LaunchBrowser" time="12.94"/>
  <testcase classname="com.test.OrangeHRMDemo" name="LoginDetails" time="6.569"/>
  <testcase classname="com.test.OrangeHRMDemo" name="VerifyLogin" time="0.0">
    <ignored/>
  </testcase> <!-- VerifyLogin -->
  <testcase classname="com.test.OrangeHRMDemo" name="VerifyMyInfo" time="0.0">
    <ignored/>
  </testcase> <!-- VerifyMyInfo -->
</testsuite> <!-- OragneHRMTestLogin -->
